<?xml version="1.0" encoding="UTF-8"?>
<testng-results ignored="0" total="2" passed="0" failed="0" skipped="2">
  <reporter-output>
  </reporter-output>
  <suite started-at="2023-02-16T20:10:37 IST" name="Suite" finished-at="2023-02-16T20:10:45 IST" duration-ms="7453">
    <groups>
    </groups>
    <test started-at="2023-02-16T20:10:37 IST" name="Test" finished-at="2023-02-16T20:10:45 IST" duration-ms="7453">
      <class name="com.INB.tests.TC_RetailLoginLogout">
        <test-method is-config="true" signature="setUp([Ljava.lang.Object;)[pri:0, instance:com.INB.tests.TC_RetailLoginLogout@6babf3bf]" started-at="2023-02-16T20:10:39 IST" name="setUp" finished-at="2023-02-16T20:10:45 IST" duration-ms="5322" status="FAIL">
          <params>
            <param index="0">
              <value>
                <![CDATA[[Ljava.lang.Object;@25f9407e]]>
              </value>
            </param>
          </params>
          <exception class="org.openqa.selenium.SessionNotCreatedException">
            <message>
              <![CDATA[session not created: This version of ChromeDriver only supports Chrome version 105
Current browser version is 110.0.5481.100 with binary path C:\Program Files\Google\Chrome\Application\chrome.exe
Build info: version: '3.141.59', revision: 'e82be7d358', time: '2018-11-14T08:17:03'
System info: host: 'DESKTOP-L9LVG34', ip: '192.168.0.105', os.name: 'Windows 10', os.arch: 'amd64', os.version: '10.0', java.version: '17.0.4.1'
Driver info: driver.version: Driver
remote stacktrace: Backtrace:
Ordinal0 [0x00DEDF13+2219795]
Ordinal0 [0x00D82841+1779777]
Ordinal0 [0x00C9423D+803389]
Ordinal0 [0x00CB64AC+943276]
Ordinal0 [0x00CB19F0+924144]
Ordinal0 [0x00CAF179+913785]
Ordinal0 [0x00CE36B9+1128121]
Ordinal0 [0x00CE331A+1127194]
Ordinal0 [0x00CDE616+1107478]
Ordinal0 [0x00CB7F89+950153]
Ordinal0 [0x00CB8F56+954198]
GetHandleVerifier [0x010E2CB2+3040210]
GetHandleVerifier [0x010D2BB4+2974420]
GetHandleVerifier [0x00E86A0A+565546]
GetHandleVerifier [0x00E85680+560544]
Ordinal0 [0x00D89A5C+1808988]
Ordinal0 [0x00D8E3A8+1827752]
Ordinal0 [0x00D8E495+1827989]
Ordinal0 [0x00D980A4+1867940]
BaseThreadInitThunk [0x75D500F9+25]
RtlGetAppContainerNamedObjectPath [0x779F7BBE+286]
RtlGetAppContainerNamedObjectPath [0x779F7B8E+238]
]]>
            </message>
            <full-stacktrace>
              <![CDATA[org.openqa.selenium.SessionNotCreatedException: session not created: This version of ChromeDriver only supports Chrome version 105
Current browser version is 110.0.5481.100 with binary path C:\Program Files\Google\Chrome\Application\chrome.exe
Build info: version: '3.141.59', revision: 'e82be7d358', time: '2018-11-14T08:17:03'
System info: host: 'DESKTOP-L9LVG34', ip: '192.168.0.105', os.name: 'Windows 10', os.arch: 'amd64', os.version: '10.0', java.version: '17.0.4.1'
Driver info: driver.version: Driver
remote stacktrace: Backtrace:
Ordinal0 [0x00DEDF13+2219795]
Ordinal0 [0x00D82841+1779777]
Ordinal0 [0x00C9423D+803389]
Ordinal0 [0x00CB64AC+943276]
Ordinal0 [0x00CB19F0+924144]
Ordinal0 [0x00CAF179+913785]
Ordinal0 [0x00CE36B9+1128121]
Ordinal0 [0x00CE331A+1127194]
Ordinal0 [0x00CDE616+1107478]
Ordinal0 [0x00CB7F89+950153]
Ordinal0 [0x00CB8F56+954198]
GetHandleVerifier [0x010E2CB2+3040210]
GetHandleVerifier [0x010D2BB4+2974420]
GetHandleVerifier [0x00E86A0A+565546]
GetHandleVerifier [0x00E85680+560544]
Ordinal0 [0x00D89A5C+1808988]
Ordinal0 [0x00D8E3A8+1827752]
Ordinal0 [0x00D8E495+1827989]
Ordinal0 [0x00D980A4+1867940]
BaseThreadInitThunk [0x75D500F9+25]
RtlGetAppContainerNamedObjectPath [0x779F7BBE+286]
RtlGetAppContainerNamedObjectPath [0x779F7B8E+238]

at java.base/jdk.internal.reflect.NativeConstructorAccessorImpl.newInstance0(Native Method)
at java.base/jdk.internal.reflect.NativeConstructorAccessorImpl.newInstance(NativeConstructorAccessorImpl.java:77)
at java.base/jdk.internal.reflect.DelegatingConstructorAccessorImpl.newInstance(DelegatingConstructorAccessorImpl.java:45)
at java.base/java.lang.reflect.Constructor.newInstanceWithCaller(Constructor.java:499)
at java.base/java.lang.reflect.Constructor.newInstance(Constructor.java:480)
at org.openqa.selenium.remote.W3CHandshakeResponse.lambda$errorHandler$0(W3CHandshakeResponse.java:62)
at org.openqa.selenium.remote.HandshakeResponse.lambda$getResponseFunction$0(HandshakeResponse.java:30)
at org.openqa.selenium.remote.ProtocolHandshake.lambda$createSession$0(ProtocolHandshake.java:126)
at java.base/java.util.stream.ReferencePipeline$3$1.accept(ReferencePipeline.java:197)
at java.base/java.util.Spliterators$ArraySpliterator.tryAdvance(Spliterators.java:1002)
at java.base/java.util.stream.ReferencePipeline.forEachWithCancel(ReferencePipeline.java:129)
at java.base/java.util.stream.AbstractPipeline.copyIntoWithCancel(AbstractPipeline.java:527)
at java.base/java.util.stream.AbstractPipeline.copyInto(AbstractPipeline.java:513)
at java.base/java.util.stream.AbstractPipeline.wrapAndCopyInto(AbstractPipeline.java:499)
at java.base/java.util.stream.FindOps$FindOp.evaluateSequential(FindOps.java:150)
at java.base/java.util.stream.AbstractPipeline.evaluate(AbstractPipeline.java:234)
at java.base/java.util.stream.ReferencePipeline.findFirst(ReferencePipeline.java:647)
at org.openqa.selenium.remote.ProtocolHandshake.createSession(ProtocolHandshake.java:128)
at org.openqa.selenium.remote.ProtocolHandshake.createSession(ProtocolHandshake.java:74)
at org.openqa.selenium.remote.HttpCommandExecutor.execute(HttpCommandExecutor.java:136)
at org.openqa.selenium.remote.service.DriverCommandExecutor.execute(DriverCommandExecutor.java:83)
at org.openqa.selenium.remote.RemoteWebDriver.execute(RemoteWebDriver.java:552)
at org.openqa.selenium.remote.RemoteWebDriver.startSession(RemoteWebDriver.java:213)
at org.openqa.selenium.remote.RemoteWebDriver.<init>(RemoteWebDriver.java:131)
at org.openqa.selenium.chrome.ChromeDriver.<init>(ChromeDriver.java:181)
at org.openqa.selenium.chrome.ChromeDriver.<init>(ChromeDriver.java:168)
at org.openqa.selenium.chrome.ChromeDriver.<init>(ChromeDriver.java:123)
at com.INB.driver.Driver.initDriver(Driver.java:23)
at com.INB.tests.BaseTest.setUp(BaseTest.java:27)
at java.base/jdk.internal.reflect.NativeMethodAccessorImpl.invoke0(Native Method)
at java.base/jdk.internal.reflect.NativeMethodAccessorImpl.invoke(NativeMethodAccessorImpl.java:77)
at java.base/jdk.internal.reflect.DelegatingMethodAccessorImpl.invoke(DelegatingMethodAccessorImpl.java:43)
at java.base/java.lang.reflect.Method.invoke(Method.java:568)
at org.testng.internal.MethodInvocationHelper.invokeMethod(MethodInvocationHelper.java:133)
at org.testng.internal.MethodInvocationHelper.invokeMethodConsideringTimeout(MethodInvocationHelper.java:62)
at org.testng.internal.ConfigInvoker.invokeConfigurationMethod(ConfigInvoker.java:385)
at org.testng.internal.ConfigInvoker.invokeConfigurations(ConfigInvoker.java:321)
at org.testng.internal.TestInvoker.runConfigMethods(TestInvoker.java:700)
at org.testng.internal.TestInvoker.invokeMethod(TestInvoker.java:527)
at org.testng.internal.TestInvoker.invokeTestMethod(TestInvoker.java:173)
at org.testng.internal.MethodRunner.runInSequence(MethodRunner.java:46)
at org.testng.internal.TestInvoker$MethodInvocationAgent.invoke(TestInvoker.java:824)
at org.testng.internal.TestInvoker.invokeTestMethods(TestInvoker.java:146)
at org.testng.internal.TestMethodWorker.invokeTestMethods(TestMethodWorker.java:146)
at org.testng.internal.TestMethodWorker.run(TestMethodWorker.java:128)
at java.base/java.util.concurrent.ThreadPoolExecutor.runWorker(ThreadPoolExecutor.java:1136)
at java.base/java.util.concurrent.ThreadPoolExecutor$Worker.run(ThreadPoolExecutor.java:635)
at java.base/java.lang.Thread.run(Thread.java:833)
]]>
            </full-stacktrace>
          </exception> <!-- org.openqa.selenium.SessionNotCreatedException -->
          <reporter-output>
          </reporter-output>
        </test-method> <!-- setUp -->
        <test-method signature="loginLogout(java.util.Map)[pri:0, instance:com.INB.tests.TC_RetailLoginLogout@6babf3bf]" started-at="2023-02-16T20:10:45 IST" name="loginLogout" description="check login logout functionality " data-provider="getData" finished-at="2023-02-16T20:10:45 IST" duration-ms="0" status="SKIP">
          <params>
            <param index="0">
              <value>
                <![CDATA[{password=Asdf@123, testname=loginLogout, execute=yes, browser=chrome, username=spcb}]]>
              </value>
            </param>
          </params>
          <exception class="org.openqa.selenium.SessionNotCreatedException">
            <message>
              <![CDATA[session not created: This version of ChromeDriver only supports Chrome version 105
Current browser version is 110.0.5481.100 with binary path C:\Program Files\Google\Chrome\Application\chrome.exe
Build info: version: '3.141.59', revision: 'e82be7d358', time: '2018-11-14T08:17:03'
System info: host: 'DESKTOP-L9LVG34', ip: '192.168.0.105', os.name: 'Windows 10', os.arch: 'amd64', os.version: '10.0', java.version: '17.0.4.1'
Driver info: driver.version: Driver
remote stacktrace: Backtrace:
Ordinal0 [0x00DEDF13+2219795]
Ordinal0 [0x00D82841+1779777]
Ordinal0 [0x00C9423D+803389]
Ordinal0 [0x00CB64AC+943276]
Ordinal0 [0x00CB19F0+924144]
Ordinal0 [0x00CAF179+913785]
Ordinal0 [0x00CE36B9+1128121]
Ordinal0 [0x00CE331A+1127194]
Ordinal0 [0x00CDE616+1107478]
Ordinal0 [0x00CB7F89+950153]
Ordinal0 [0x00CB8F56+954198]
GetHandleVerifier [0x010E2CB2+3040210]
GetHandleVerifier [0x010D2BB4+2974420]
GetHandleVerifier [0x00E86A0A+565546]
GetHandleVerifier [0x00E85680+560544]
Ordinal0 [0x00D89A5C+1808988]
Ordinal0 [0x00D8E3A8+1827752]
Ordinal0 [0x00D8E495+1827989]
Ordinal0 [0x00D980A4+1867940]
BaseThreadInitThunk [0x75D500F9+25]
RtlGetAppContainerNamedObjectPath [0x779F7BBE+286]
RtlGetAppContainerNamedObjectPath [0x779F7B8E+238]
]]>
            </message>
            <full-stacktrace>
              <![CDATA[org.openqa.selenium.SessionNotCreatedException: session not created: This version of ChromeDriver only supports Chrome version 105
Current browser version is 110.0.5481.100 with binary path C:\Program Files\Google\Chrome\Application\chrome.exe
Build info: version: '3.141.59', revision: 'e82be7d358', time: '2018-11-14T08:17:03'
System info: host: 'DESKTOP-L9LVG34', ip: '192.168.0.105', os.name: 'Windows 10', os.arch: 'amd64', os.version: '10.0', java.version: '17.0.4.1'
Driver info: driver.version: Driver
remote stacktrace: Backtrace:
Ordinal0 [0x00DEDF13+2219795]
Ordinal0 [0x00D82841+1779777]
Ordinal0 [0x00C9423D+803389]
Ordinal0 [0x00CB64AC+943276]
Ordinal0 [0x00CB19F0+924144]
Ordinal0 [0x00CAF179+913785]
Ordinal0 [0x00CE36B9+1128121]
Ordinal0 [0x00CE331A+1127194]
Ordinal0 [0x00CDE616+1107478]
Ordinal0 [0x00CB7F89+950153]
Ordinal0 [0x00CB8F56+954198]
GetHandleVerifier [0x010E2CB2+3040210]
GetHandleVerifier [0x010D2BB4+2974420]
GetHandleVerifier [0x00E86A0A+565546]
GetHandleVerifier [0x00E85680+560544]
Ordinal0 [0x00D89A5C+1808988]
Ordinal0 [0x00D8E3A8+1827752]
Ordinal0 [0x00D8E495+1827989]
Ordinal0 [0x00D980A4+1867940]
BaseThreadInitThunk [0x75D500F9+25]
RtlGetAppContainerNamedObjectPath [0x779F7BBE+286]
RtlGetAppContainerNamedObjectPath [0x779F7B8E+238]

at java.base/jdk.internal.reflect.NativeConstructorAccessorImpl.newInstance0(Native Method)
at java.base/jdk.internal.reflect.NativeConstructorAccessorImpl.newInstance(NativeConstructorAccessorImpl.java:77)
at java.base/jdk.internal.reflect.DelegatingConstructorAccessorImpl.newInstance(DelegatingConstructorAccessorImpl.java:45)
at java.base/java.lang.reflect.Constructor.newInstanceWithCaller(Constructor.java:499)
at java.base/java.lang.reflect.Constructor.newInstance(Constructor.java:480)
at org.openqa.selenium.remote.W3CHandshakeResponse.lambda$errorHandler$0(W3CHandshakeResponse.java:62)
at org.openqa.selenium.remote.HandshakeResponse.lambda$getResponseFunction$0(HandshakeResponse.java:30)
at org.openqa.selenium.remote.ProtocolHandshake.lambda$createSession$0(ProtocolHandshake.java:126)
at java.base/java.util.stream.ReferencePipeline$3$1.accept(ReferencePipeline.java:197)
at java.base/java.util.Spliterators$ArraySpliterator.tryAdvance(Spliterators.java:1002)
at java.base/java.util.stream.ReferencePipeline.forEachWithCancel(ReferencePipeline.java:129)
at java.base/java.util.stream.AbstractPipeline.copyIntoWithCancel(AbstractPipeline.java:527)
at java.base/java.util.stream.AbstractPipeline.copyInto(AbstractPipeline.java:513)
at java.base/java.util.stream.AbstractPipeline.wrapAndCopyInto(AbstractPipeline.java:499)
at java.base/java.util.stream.FindOps$FindOp.evaluateSequential(FindOps.java:150)
at java.base/java.util.stream.AbstractPipeline.evaluate(AbstractPipeline.java:234)
at java.base/java.util.stream.ReferencePipeline.findFirst(ReferencePipeline.java:647)
at org.openqa.selenium.remote.ProtocolHandshake.createSession(ProtocolHandshake.java:128)
at org.openqa.selenium.remote.ProtocolHandshake.createSession(ProtocolHandshake.java:74)
at org.openqa.selenium.remote.HttpCommandExecutor.execute(HttpCommandExecutor.java:136)
at org.openqa.selenium.remote.service.DriverCommandExecutor.execute(DriverCommandExecutor.java:83)
at org.openqa.selenium.remote.RemoteWebDriver.execute(RemoteWebDriver.java:552)
at org.openqa.selenium.remote.RemoteWebDriver.startSession(RemoteWebDriver.java:213)
at org.openqa.selenium.remote.RemoteWebDriver.<init>(RemoteWebDriver.java:131)
at org.openqa.selenium.chrome.ChromeDriver.<init>(ChromeDriver.java:181)
at org.openqa.selenium.chrome.ChromeDriver.<init>(ChromeDriver.java:168)
at org.openqa.selenium.chrome.ChromeDriver.<init>(ChromeDriver.java:123)
at com.INB.driver.Driver.initDriver(Driver.java:23)
at com.INB.tests.BaseTest.setUp(BaseTest.java:27)
at java.base/jdk.internal.reflect.NativeMethodAccessorImpl.invoke0(Native Method)
at java.base/jdk.internal.reflect.NativeMethodAccessorImpl.invoke(NativeMethodAccessorImpl.java:77)
at java.base/jdk.internal.reflect.DelegatingMethodAccessorImpl.invoke(DelegatingMethodAccessorImpl.java:43)
at java.base/java.lang.reflect.Method.invoke(Method.java:568)
at org.testng.internal.MethodInvocationHelper.invokeMethod(MethodInvocationHelper.java:133)
at org.testng.internal.MethodInvocationHelper.invokeMethodConsideringTimeout(MethodInvocationHelper.java:62)
at org.testng.internal.ConfigInvoker.invokeConfigurationMethod(ConfigInvoker.java:385)
at org.testng.internal.ConfigInvoker.invokeConfigurations(ConfigInvoker.java:321)
at org.testng.internal.TestInvoker.runConfigMethods(TestInvoker.java:700)
at org.testng.internal.TestInvoker.invokeMethod(TestInvoker.java:527)
at org.testng.internal.TestInvoker.invokeTestMethod(TestInvoker.java:173)
at org.testng.internal.MethodRunner.runInSequence(MethodRunner.java:46)
at org.testng.internal.TestInvoker$MethodInvocationAgent.invoke(TestInvoker.java:824)
at org.testng.internal.TestInvoker.invokeTestMethods(TestInvoker.java:146)
at org.testng.internal.TestMethodWorker.invokeTestMethods(TestMethodWorker.java:146)
at org.testng.internal.TestMethodWorker.run(TestMethodWorker.java:128)
at java.base/java.util.concurrent.ThreadPoolExecutor.runWorker(ThreadPoolExecutor.java:1136)
at java.base/java.util.concurrent.ThreadPoolExecutor$Worker.run(ThreadPoolExecutor.java:635)
at java.base/java.lang.Thread.run(Thread.java:833)
]]>
            </full-stacktrace>
          </exception> <!-- org.openqa.selenium.SessionNotCreatedException -->
          <reporter-output>
          </reporter-output>
        </test-method> <!-- loginLogout -->
        <test-method is-config="true" signature="tearDown()[pri:0, instance:com.INB.tests.TC_RetailLoginLogout@6babf3bf]" started-at="2023-02-16T20:10:45 IST" name="tearDown" finished-at="1970-01-01T05:30:00 IST" duration-ms="-1676558445197" status="SKIP">
          <reporter-output>
          </reporter-output>
        </test-method> <!-- tearDown -->
        <test-method is-config="true" signature="setUp([Ljava.lang.Object;)[pri:0, instance:com.INB.tests.TC_RetailLoginLogout@6babf3bf]" started-at="2023-02-16T20:10:45 IST" name="setUp" finished-at="1970-01-01T05:30:00 IST" duration-ms="-1676558445203" status="SKIP">
          <reporter-output>
          </reporter-output>
        </test-method> <!-- setUp -->
        <test-method signature="test1(java.util.Map)[pri:0, instance:com.INB.tests.TC_RetailLoginLogout@6babf3bf]" started-at="2023-02-16T20:10:45 IST" name="test1" description="to check whether  this test will executed " data-provider="getData" finished-at="2023-02-16T20:10:45 IST" duration-ms="0" status="SKIP">
          <params>
            <param index="0">
              <value>
                <![CDATA[{password=Asdf@123, testname=test1, execute=yes, browser=chrome, username=spcb}]]>
              </value>
            </param>
          </params>
          <exception class="org.openqa.selenium.SessionNotCreatedException">
            <message>
              <![CDATA[session not created: This version of ChromeDriver only supports Chrome version 105
Current browser version is 110.0.5481.100 with binary path C:\Program Files\Google\Chrome\Application\chrome.exe
Build info: version: '3.141.59', revision: 'e82be7d358', time: '2018-11-14T08:17:03'
System info: host: 'DESKTOP-L9LVG34', ip: '192.168.0.105', os.name: 'Windows 10', os.arch: 'amd64', os.version: '10.0', java.version: '17.0.4.1'
Driver info: driver.version: Driver
remote stacktrace: Backtrace:
Ordinal0 [0x00DEDF13+2219795]
Ordinal0 [0x00D82841+1779777]
Ordinal0 [0x00C9423D+803389]
Ordinal0 [0x00CB64AC+943276]
Ordinal0 [0x00CB19F0+924144]
Ordinal0 [0x00CAF179+913785]
Ordinal0 [0x00CE36B9+1128121]
Ordinal0 [0x00CE331A+1127194]
Ordinal0 [0x00CDE616+1107478]
Ordinal0 [0x00CB7F89+950153]
Ordinal0 [0x00CB8F56+954198]
GetHandleVerifier [0x010E2CB2+3040210]
GetHandleVerifier [0x010D2BB4+2974420]
GetHandleVerifier [0x00E86A0A+565546]
GetHandleVerifier [0x00E85680+560544]
Ordinal0 [0x00D89A5C+1808988]
Ordinal0 [0x00D8E3A8+1827752]
Ordinal0 [0x00D8E495+1827989]
Ordinal0 [0x00D980A4+1867940]
BaseThreadInitThunk [0x75D500F9+25]
RtlGetAppContainerNamedObjectPath [0x779F7BBE+286]
RtlGetAppContainerNamedObjectPath [0x779F7B8E+238]
]]>
            </message>
            <full-stacktrace>
              <![CDATA[org.openqa.selenium.SessionNotCreatedException: session not created: This version of ChromeDriver only supports Chrome version 105
Current browser version is 110.0.5481.100 with binary path C:\Program Files\Google\Chrome\Application\chrome.exe
Build info: version: '3.141.59', revision: 'e82be7d358', time: '2018-11-14T08:17:03'
System info: host: 'DESKTOP-L9LVG34', ip: '192.168.0.105', os.name: 'Windows 10', os.arch: 'amd64', os.version: '10.0', java.version: '17.0.4.1'
Driver info: driver.version: Driver
remote stacktrace: Backtrace:
Ordinal0 [0x00DEDF13+2219795]
Ordinal0 [0x00D82841+1779777]
Ordinal0 [0x00C9423D+803389]
Ordinal0 [0x00CB64AC+943276]
Ordinal0 [0x00CB19F0+924144]
Ordinal0 [0x00CAF179+913785]
Ordinal0 [0x00CE36B9+1128121]
Ordinal0 [0x00CE331A+1127194]
Ordinal0 [0x00CDE616+1107478]
Ordinal0 [0x00CB7F89+950153]
Ordinal0 [0x00CB8F56+954198]
GetHandleVerifier [0x010E2CB2+3040210]
GetHandleVerifier [0x010D2BB4+2974420]
GetHandleVerifier [0x00E86A0A+565546]
GetHandleVerifier [0x00E85680+560544]
Ordinal0 [0x00D89A5C+1808988]
Ordinal0 [0x00D8E3A8+1827752]
Ordinal0 [0x00D8E495+1827989]
Ordinal0 [0x00D980A4+1867940]
BaseThreadInitThunk [0x75D500F9+25]
RtlGetAppContainerNamedObjectPath [0x779F7BBE+286]
RtlGetAppContainerNamedObjectPath [0x779F7B8E+238]

at java.base/jdk.internal.reflect.NativeConstructorAccessorImpl.newInstance0(Native Method)
at java.base/jdk.internal.reflect.NativeConstructorAccessorImpl.newInstance(NativeConstructorAccessorImpl.java:77)
at java.base/jdk.internal.reflect.DelegatingConstructorAccessorImpl.newInstance(DelegatingConstructorAccessorImpl.java:45)
at java.base/java.lang.reflect.Constructor.newInstanceWithCaller(Constructor.java:499)
at java.base/java.lang.reflect.Constructor.newInstance(Constructor.java:480)
at org.openqa.selenium.remote.W3CHandshakeResponse.lambda$errorHandler$0(W3CHandshakeResponse.java:62)
at org.openqa.selenium.remote.HandshakeResponse.lambda$getResponseFunction$0(HandshakeResponse.java:30)
at org.openqa.selenium.remote.ProtocolHandshake.lambda$createSession$0(ProtocolHandshake.java:126)
at java.base/java.util.stream.ReferencePipeline$3$1.accept(ReferencePipeline.java:197)
at java.base/java.util.Spliterators$ArraySpliterator.tryAdvance(Spliterators.java:1002)
at java.base/java.util.stream.ReferencePipeline.forEachWithCancel(ReferencePipeline.java:129)
at java.base/java.util.stream.AbstractPipeline.copyIntoWithCancel(AbstractPipeline.java:527)
at java.base/java.util.stream.AbstractPipeline.copyInto(AbstractPipeline.java:513)
at java.base/java.util.stream.AbstractPipeline.wrapAndCopyInto(AbstractPipeline.java:499)
at java.base/java.util.stream.FindOps$FindOp.evaluateSequential(FindOps.java:150)
at java.base/java.util.stream.AbstractPipeline.evaluate(AbstractPipeline.java:234)
at java.base/java.util.stream.ReferencePipeline.findFirst(ReferencePipeline.java:647)
at org.openqa.selenium.remote.ProtocolHandshake.createSession(ProtocolHandshake.java:128)
at org.openqa.selenium.remote.ProtocolHandshake.createSession(ProtocolHandshake.java:74)
at org.openqa.selenium.remote.HttpCommandExecutor.execute(HttpCommandExecutor.java:136)
at org.openqa.selenium.remote.service.DriverCommandExecutor.execute(DriverCommandExecutor.java:83)
at org.openqa.selenium.remote.RemoteWebDriver.execute(RemoteWebDriver.java:552)
at org.openqa.selenium.remote.RemoteWebDriver.startSession(RemoteWebDriver.java:213)
at org.openqa.selenium.remote.RemoteWebDriver.<init>(RemoteWebDriver.java:131)
at org.openqa.selenium.chrome.ChromeDriver.<init>(ChromeDriver.java:181)
at org.openqa.selenium.chrome.ChromeDriver.<init>(ChromeDriver.java:168)
at org.openqa.selenium.chrome.ChromeDriver.<init>(ChromeDriver.java:123)
at com.INB.driver.Driver.initDriver(Driver.java:23)
at com.INB.tests.BaseTest.setUp(BaseTest.java:27)
at java.base/jdk.internal.reflect.NativeMethodAccessorImpl.invoke0(Native Method)
at java.base/jdk.internal.reflect.NativeMethodAccessorImpl.invoke(NativeMethodAccessorImpl.java:77)
at java.base/jdk.internal.reflect.DelegatingMethodAccessorImpl.invoke(DelegatingMethodAccessorImpl.java:43)
at java.base/java.lang.reflect.Method.invoke(Method.java:568)
at org.testng.internal.MethodInvocationHelper.invokeMethod(MethodInvocationHelper.java:133)
at org.testng.internal.MethodInvocationHelper.invokeMethodConsideringTimeout(MethodInvocationHelper.java:62)
at org.testng.internal.ConfigInvoker.invokeConfigurationMethod(ConfigInvoker.java:385)
at org.testng.internal.ConfigInvoker.invokeConfigurations(ConfigInvoker.java:321)
at org.testng.internal.TestInvoker.runConfigMethods(TestInvoker.java:700)
at org.testng.internal.TestInvoker.invokeMethod(TestInvoker.java:527)
at org.testng.internal.TestInvoker.invokeTestMethod(TestInvoker.java:173)
at org.testng.internal.MethodRunner.runInSequence(MethodRunner.java:46)
at org.testng.internal.TestInvoker$MethodInvocationAgent.invoke(TestInvoker.java:824)
at org.testng.internal.TestInvoker.invokeTestMethods(TestInvoker.java:146)
at org.testng.internal.TestMethodWorker.invokeTestMethods(TestMethodWorker.java:146)
at org.testng.internal.TestMethodWorker.run(TestMethodWorker.java:128)
at java.base/java.util.concurrent.ThreadPoolExecutor.runWorker(ThreadPoolExecutor.java:1136)
at java.base/java.util.concurrent.ThreadPoolExecutor$Worker.run(ThreadPoolExecutor.java:635)
at java.base/java.lang.Thread.run(Thread.java:833)
]]>
            </full-stacktrace>
          </exception> <!-- org.openqa.selenium.SessionNotCreatedException -->
          <reporter-output>
          </reporter-output>
        </test-method> <!-- test1 -->
        <test-method is-config="true" signature="tearDown()[pri:0, instance:com.INB.tests.TC_RetailLoginLogout@6babf3bf]" started-at="2023-02-16T20:10:45 IST" name="tearDown" finished-at="1970-01-01T05:30:00 IST" duration-ms="-1676558445221" status="SKIP">
          <reporter-output>
          </reporter-output>
        </test-method> <!-- tearDown -->
      </class> <!-- com.INB.tests.TC_RetailLoginLogout -->
    </test> <!-- Test -->
  </suite> <!-- Suite -->
</testng-results>
