<?xml version="1.0" encoding="UTF-8"?>
<testng-results ignored="1" total="4" passed="3" failed="0" skipped="0">
  <reporter-output>
  </reporter-output>
  <suite started-at="2023-02-15T12:15:15 IST" name="Default suite" finished-at="2023-02-15T12:15:16 IST" duration-ms="228">
    <groups>
    </groups>
    <test started-at="2023-02-15T12:15:15 IST" name="Default test" finished-at="2023-02-15T12:15:16 IST" duration-ms="228">
      <class name="Intervw.Intervw.TestNgTEst">
        <test-method is-config="true" signature="beforeTest()[pri:0, instance:Intervw.Intervw.TestNgTEst@957e06]" started-at="2023-02-15T12:15:15 IST" name="beforeTest" finished-at="2023-02-15T12:15:15 IST" duration-ms="20" status="PASS">
          <reporter-output>
          </reporter-output>
        </test-method> <!-- beforeTest -->
        <test-method is-config="true" signature="beforeClass()[pri:0, instance:Intervw.Intervw.TestNgTEst@957e06]" started-at="2023-02-15T12:15:15 IST" name="beforeClass" finished-at="2023-02-15T12:15:15 IST" duration-ms="0" status="PASS">
          <reporter-output>
          </reporter-output>
        </test-method> <!-- beforeClass -->
        <test-method is-config="true" signature="beforeMethod()[pri:0, instance:Intervw.Intervw.TestNgTEst@957e06]" started-at="2023-02-15T12:15:16 IST" name="beforeMethod" finished-at="2023-02-15T12:15:16 IST" duration-ms="0" status="PASS">
          <reporter-output>
          </reporter-output>
        </test-method> <!-- beforeMethod -->
        <test-method signature="f3()[pri:-1, instance:Intervw.Intervw.TestNgTEst@957e06]" started-at="2023-02-15T12:15:16 IST" name="f3" finished-at="2023-02-15T12:15:16 IST" duration-ms="11" status="PASS">
          <reporter-output>
          </reporter-output>
        </test-method> <!-- f3 -->
        <test-method is-config="true" signature="afterMethod()[pri:0, instance:Intervw.Intervw.TestNgTEst@957e06]" started-at="2023-02-15T12:15:16 IST" name="afterMethod" finished-at="2023-02-15T12:15:16 IST" duration-ms="0" status="PASS">
          <reporter-output>
          </reporter-output>
        </test-method> <!-- afterMethod -->
        <test-method is-config="true" signature="beforeMethod()[pri:0, instance:Intervw.Intervw.TestNgTEst@957e06]" started-at="2023-02-15T12:15:16 IST" name="beforeMethod" finished-at="2023-02-15T12:15:16 IST" duration-ms="32" status="PASS">
          <reporter-output>
          </reporter-output>
        </test-method> <!-- beforeMethod -->
        <test-method signature="f1()[pri:0, instance:Intervw.Intervw.TestNgTEst@957e06]" started-at="2023-02-15T12:15:16 IST" name="f1" finished-at="2023-02-15T12:15:16 IST" duration-ms="22" status="PASS">
          <reporter-output>
          </reporter-output>
        </test-method> <!-- f1 -->
        <test-method is-config="true" signature="afterMethod()[pri:0, instance:Intervw.Intervw.TestNgTEst@957e06]" started-at="2023-02-15T12:15:16 IST" name="afterMethod" finished-at="2023-02-15T12:15:16 IST" duration-ms="0" status="PASS">
          <reporter-output>
          </reporter-output>
        </test-method> <!-- afterMethod -->
        <test-method is-config="true" signature="beforeMethod()[pri:0, instance:Intervw.Intervw.TestNgTEst@957e06]" started-at="2023-02-15T12:15:16 IST" name="beforeMethod" finished-at="2023-02-15T12:15:16 IST" duration-ms="1" status="PASS">
          <reporter-output>
          </reporter-output>
        </test-method> <!-- beforeMethod -->
        <test-method signature="f2()[pri:3, instance:Intervw.Intervw.TestNgTEst@957e06]" started-at="2023-02-15T12:15:16 IST" name="f2" finished-at="2023-02-15T12:15:16 IST" duration-ms="10" status="PASS">
          <reporter-output>
          </reporter-output>
        </test-method> <!-- f2 -->
        <test-method is-config="true" signature="afterMethod()[pri:0, instance:Intervw.Intervw.TestNgTEst@957e06]" started-at="2023-02-15T12:15:16 IST" name="afterMethod" finished-at="2023-02-15T12:15:16 IST" duration-ms="7" status="PASS">
          <reporter-output>
          </reporter-output>
        </test-method> <!-- afterMethod -->
        <test-method is-config="true" signature="afterClass()[pri:0, instance:Intervw.Intervw.TestNgTEst@957e06]" started-at="2023-02-15T12:15:16 IST" name="afterClass" finished-at="2023-02-15T12:15:16 IST" duration-ms="0" status="PASS">
          <reporter-output>
          </reporter-output>
        </test-method> <!-- afterClass -->
        <test-method is-config="true" signature="afterTest()[pri:0, instance:Intervw.Intervw.TestNgTEst@957e06]" started-at="2023-02-15T12:15:16 IST" name="afterTest" finished-at="2023-02-15T12:15:16 IST" duration-ms="0" status="PASS">
          <reporter-output>
          </reporter-output>
        </test-method> <!-- afterTest -->
      </class> <!-- Intervw.Intervw.TestNgTEst -->
    </test> <!-- Default test -->
  </suite> <!-- Default suite -->
</testng-results>
