<?xml version="1.0" encoding="UTF-8"?>
<!-- Generated by org.testng.reporters.JUnitXMLReporter -->
<testsuite ignored="1" hostname="DESKTOP-L9LVG34" failures="0" tests="3" name="Default test" time="0.228" errors="0" timestamp="2023-02-15T12:15:16 IST">
  <testcase classname="Intervw.Intervw.TestNgTEst" name="f3" time="0.011"/>
  <testcase classname="Intervw.Intervw.TestNgTEst" name="f1" time="0.022"/>
  <testcase classname="Intervw.Intervw.TestNgTEst" name="f2" time="0.01"/>
  <testcase classname="Intervw.Intervw.TestNgTEst" name="f" time="0.0">
    <ignored/>
  </testcase> <!-- f -->
</testsuite> <!-- Default test -->
